  GameSystem.cpp
  Shop.cpp
C:\Users\tiend\source\repos\RPG_Text_Based\RPG_Text_Based\GameSystem.cpp(411,28): warning C4267: '=': conversion from 'size_t' to 'int', possible loss of data
C:\Users\tiend\source\repos\RPG_Text_Based\RPG_Text_Based\GameSystem.cpp(458,15): warning C4566: character represented by universal-character-name '\u3002' cannot be represented in the current code page (1252)
C:\Users\tiend\source\repos\RPG_Text_Based\RPG_Text_Based\GameSystem.cpp(458,15): warning C4566: character represented by universal-character-name '\uFF3F' cannot be represented in the current code page (1252)
C:\Users\tiend\source\repos\RPG_Text_Based\RPG_Text_Based\GameSystem.cpp(458,15): warning C4566: character represented by universal-character-name '\uFF40' cannot be represented in the current code page (1252)
C:\Users\tiend\source\repos\RPG_Text_Based\RPG_Text_Based\GameSystem.cpp(566,14): warning C4101: 'amount': unreferenced local variable
C:\Users\tiend\source\repos\RPG_Text_Based\RPG_Text_Based\GameSystem.cpp(566,8): warning C4101: 'item': unreferenced local variable
  Generating Code...
C:\Program Files\Microsoft Visual Studio\2022\Enterprise\VC\Tools\MSVC\14.39.33519\include\xmemory(727,82): error C2440: 'initializing': cannot convert from 'initializer list' to '_Objty'
C:\Program Files\Microsoft Visual Studio\2022\Enterprise\VC\Tools\MSVC\14.39.33519\include\xmemory(727,82): error C2440:         with
C:\Program Files\Microsoft Visual Studio\2022\Enterprise\VC\Tools\MSVC\14.39.33519\include\xmemory(727,82): error C2440:         [
C:\Program Files\Microsoft Visual Studio\2022\Enterprise\VC\Tools\MSVC\14.39.33519\include\xmemory(727,82): error C2440:             _Objty=Equipment *
C:\Program Files\Microsoft Visual Studio\2022\Enterprise\VC\Tools\MSVC\14.39.33519\include\xmemory(727,82): error C2440:         ]
  (compiling source file 'Shop.cpp')
  C:\Program Files\Microsoft Visual Studio\2022\Enterprise\VC\Tools\MSVC\14.39.33519\include\xmemory(727,82):
  The initializer contains too many elements
  C:\Program Files\Microsoft Visual Studio\2022\Enterprise\VC\Tools\MSVC\14.39.33519\include\xmemory(727,82):
  the template instantiation context (the oldest one first) is
  	C:\Users\tiend\source\repos\RPG_Text_Based\RPG_Text_Based\Shop.cpp(9,22):
  	see reference to function template instantiation 'void std::vector<Equipment *,std::allocator<Equipment *>>::emplace_back<const char(&)[10],const char(&)[7],int,int,int,int,int,int,int,int,const char(&)[78],int,bool>(const char (&)[10],const char (&)[7],int &&,int &&,int &&,int &&,int &&,int &&,int &&,int &&,const char (&)[78],int &&,bool &&)' being compiled
  	C:\Program Files\Microsoft Visual Studio\2022\Enterprise\VC\Tools\MSVC\14.39.33519\include\vector(862,24):
  	see reference to function template instantiation '_Ty *&std::vector<_Ty,std::allocator<_Ty>>::_Emplace_one_at_back<const char(&)[10],const char(&)[7],int,int,int,int,int,int,int,int,const char(&)[78],int,bool>(const char (&)[10],const char (&)[7],int &&,int &&,int &&,int &&,int &&,int &&,int &&,int &&,const char (&)[78],int &&,bool &&)' being compiled
          with
          [
              _Ty=Equipment *
          ]
  	C:\Program Files\Microsoft Visual Studio\2022\Enterprise\VC\Tools\MSVC\14.39.33519\include\vector(780,20):
  	see reference to function template instantiation '_Ty *&std::vector<_Ty,std::allocator<_Ty>>::_Emplace_back_with_unused_capacity<const char(&)[10],const char(&)[7],int,int,int,int,int,int,int,int,const char(&)[78],int,bool>(const char (&)[10],const char (&)[7],int &&,int &&,int &&,int &&,int &&,int &&,int &&,int &&,const char (&)[78],int &&,bool &&)' being compiled
          with
          [
              _Ty=Equipment *
          ]
  	C:\Program Files\Microsoft Visual Studio\2022\Enterprise\VC\Tools\MSVC\14.39.33519\include\vector(798,27):
  	see reference to function template instantiation 'void std::_Default_allocator_traits<_Alloc>::construct<_Ty,const char(&)[10],const char(&)[7],int,int,int,int,int,int,int,int,const char(&)[78],int,bool>(_Alloc &,_Objty *const ,const char (&)[10],const char (&)[7],int &&,int &&,int &&,int &&,int &&,int &&,int &&,int &&,const char (&)[78],int &&,bool &&)' being compiled
          with
          [
              _Alloc=std::allocator<Equipment *>,
              _Ty=Equipment *,
              _Objty=Equipment *
          ]
  
C:\Program Files\Microsoft Visual Studio\2022\Enterprise\VC\Tools\MSVC\14.39.33519\include\xmemory(727,82): error C2440: 'initializing': cannot convert from 'initializer list' to '_Objty'
C:\Program Files\Microsoft Visual Studio\2022\Enterprise\VC\Tools\MSVC\14.39.33519\include\xmemory(727,82): error C2440:         with
C:\Program Files\Microsoft Visual Studio\2022\Enterprise\VC\Tools\MSVC\14.39.33519\include\xmemory(727,82): error C2440:         [
C:\Program Files\Microsoft Visual Studio\2022\Enterprise\VC\Tools\MSVC\14.39.33519\include\xmemory(727,82): error C2440:             _Objty=Consumable *
C:\Program Files\Microsoft Visual Studio\2022\Enterprise\VC\Tools\MSVC\14.39.33519\include\xmemory(727,82): error C2440:         ]
  (compiling source file 'Shop.cpp')
  C:\Program Files\Microsoft Visual Studio\2022\Enterprise\VC\Tools\MSVC\14.39.33519\include\xmemory(727,82):
  The initializer contains too many elements
  C:\Program Files\Microsoft Visual Studio\2022\Enterprise\VC\Tools\MSVC\14.39.33519\include\xmemory(727,82):
  the template instantiation context (the oldest one first) is
  	C:\Users\tiend\source\repos\RPG_Text_Based\RPG_Text_Based\Shop.cpp(13,23):
  	see reference to function template instantiation 'void std::vector<Consumable *,std::allocator<Consumable *>>::emplace_back<const char(&)[20],const char(&)[8],int,int,int,int,int,int,int,int,const char(&)[30],int>(const char (&)[20],const char (&)[8],int &&,int &&,int &&,int &&,int &&,int &&,int &&,int &&,const char (&)[30],int &&)' being compiled
  	C:\Program Files\Microsoft Visual Studio\2022\Enterprise\VC\Tools\MSVC\14.39.33519\include\vector(862,24):
  	see reference to function template instantiation '_Ty *&std::vector<_Ty,std::allocator<_Ty>>::_Emplace_one_at_back<const char(&)[20],const char(&)[8],int,int,int,int,int,int,int,int,const char(&)[30],int>(const char (&)[20],const char (&)[8],int &&,int &&,int &&,int &&,int &&,int &&,int &&,int &&,const char (&)[30],int &&)' being compiled
          with
          [
              _Ty=Consumable *
          ]
  	C:\Program Files\Microsoft Visual Studio\2022\Enterprise\VC\Tools\MSVC\14.39.33519\include\vector(780,20):
  	see reference to function template instantiation '_Ty *&std::vector<_Ty,std::allocator<_Ty>>::_Emplace_back_with_unused_capacity<const char(&)[20],const char(&)[8],int,int,int,int,int,int,int,int,const char(&)[30],int>(const char (&)[20],const char (&)[8],int &&,int &&,int &&,int &&,int &&,int &&,int &&,int &&,const char (&)[30],int &&)' being compiled
          with
          [
              _Ty=Consumable *
          ]
  	C:\Program Files\Microsoft Visual Studio\2022\Enterprise\VC\Tools\MSVC\14.39.33519\include\vector(798,27):
  	see reference to function template instantiation 'void std::_Default_allocator_traits<_Alloc>::construct<_Ty,const char(&)[20],const char(&)[8],int,int,int,int,int,int,int,int,const char(&)[30],int>(_Alloc &,_Objty *const ,const char (&)[20],const char (&)[8],int &&,int &&,int &&,int &&,int &&,int &&,int &&,int &&,const char (&)[30],int &&)' being compiled
          with
          [
              _Alloc=std::allocator<Consumable *>,
              _Ty=Consumable *,
              _Objty=Consumable *
          ]
  
